

Processing MdlUsersController#index (for 127.0.0.1 at 2008-12-29 16:37:13) [GET]
  [4;36;1mSQL (0.2ms)[0m   [0;1mSET NAMES 'utf8'[0m
  [4;35;1mSQL (0.1ms)[0m   [0mSET SQL_AUTO_IS_NULL=0[0m
  [4;36;1mMdlUser Load (0.0ms)[0m   [0;1mMysql::Error: Table 'moodle.mdl_users' doesn't exist: SELECT * FROM `mdl_users` [0m


ActiveRecord::StatementInvalid (Mysql::Error: Table 'moodle.mdl_users' doesn't exist: SELECT * FROM `mdl_users` ):
    /usr/lib/ruby/gems/1.8/gems/activerecord-2.2.2/lib/active_record/connection_adapters/abstract_adapter.rb:188:in `log'
    /usr/lib/ruby/gems/1.8/gems/activerecord-2.2.2/lib/active_record/connection_adapters/mysql_adapter.rb:309:in `execute'
    /usr/lib/ruby/gems/1.8/gems/activerecord-2.2.2/lib/active_record/connection_adapters/mysql_adapter.rb:563:in `select'
    /usr/lib/ruby/gems/1.8/gems/activerecord-2.2.2/lib/active_record/connection_adapters/abstract/database_statements.rb:7:in `select_all_without_query_cache'
    /usr/lib/ruby/gems/1.8/gems/activerecord-2.2.2/lib/active_record/connection_adapters/abstract/query_cache.rb:60:in `select_all'
    /usr/lib/ruby/gems/1.8/gems/activerecord-2.2.2/lib/active_record/connection_adapters/abstract/query_cache.rb:81:in `cache_sql'
    /usr/lib/ruby/gems/1.8/gems/activerecord-2.2.2/lib/active_record/connection_adapters/abstract/query_cache.rb:60:in `select_all'
    /usr/lib/ruby/gems/1.8/gems/activerecord-2.2.2/lib/active_record/base.rb:635:in `find_by_sql'
    /usr/lib/ruby/gems/1.8/gems/activerecord-2.2.2/lib/active_record/base.rb:1490:in `find_every'
    /usr/lib/ruby/gems/1.8/gems/activerecord-2.2.2/lib/active_record/base.rb:589:in `find'
    /app/controllers/mdl_users_controller.rb:5:in `index'
    /usr/lib/ruby/gems/1.8/gems/actionpack-2.2.2/lib/action_controller/base.rb:1253:in `send'
    /usr/lib/ruby/gems/1.8/gems/actionpack-2.2.2/lib/action_controller/base.rb:1253:in `perform_action_without_filters'
    /usr/lib/ruby/gems/1.8/gems/actionpack-2.2.2/lib/action_controller/filters.rb:617:in `call_filters'
    /usr/lib/ruby/gems/1.8/gems/actionpack-2.2.2/lib/action_controller/filters.rb:610:in `perform_action_without_benchmark'
    /usr/lib/ruby/gems/1.8/gems/actionpack-2.2.2/lib/action_controller/benchmarking.rb:68:in `perform_action_without_rescue'
    /usr/lib/ruby/1.8/benchmark.rb:293:in `measure'
    /usr/lib/ruby/gems/1.8/gems/actionpack-2.2.2/lib/action_controller/benchmarking.rb:68:in `perform_action_without_rescue'
    /usr/lib/ruby/gems/1.8/gems/actionpack-2.2.2/lib/action_controller/rescue.rb:136:in `perform_action_without_caching'
    /usr/lib/ruby/gems/1.8/gems/actionpack-2.2.2/lib/action_controller/caching/sql_cache.rb:13:in `perform_action'
    /usr/lib/ruby/gems/1.8/gems/activerecord-2.2.2/lib/active_record/connection_adapters/abstract/query_cache.rb:34:in `cache'
    /usr/lib/ruby/gems/1.8/gems/activerecord-2.2.2/lib/active_record/query_cache.rb:8:in `cache'
    /usr/lib/ruby/gems/1.8/gems/actionpack-2.2.2/lib/action_controller/caching/sql_cache.rb:12:in `perform_action'
    /usr/lib/ruby/gems/1.8/gems/actionpack-2.2.2/lib/action_controller/base.rb:524:in `send'
    /usr/lib/ruby/gems/1.8/gems/actionpack-2.2.2/lib/action_controller/base.rb:524:in `process_without_filters'
    /usr/lib/ruby/gems/1.8/gems/actionpack-2.2.2/lib/action_controller/filters.rb:606:in `process_without_session_management_support'
    /usr/lib/ruby/gems/1.8/gems/actionpack-2.2.2/lib/action_controller/session_management.rb:134:in `process'
    /usr/lib/ruby/gems/1.8/gems/actionpack-2.2.2/lib/action_controller/base.rb:392:in `process'
    /usr/lib/ruby/gems/1.8/gems/actionpack-2.2.2/lib/action_controller/dispatcher.rb:183:in `handle_request'
    /usr/lib/ruby/gems/1.8/gems/actionpack-2.2.2/lib/action_controller/dispatcher.rb:110:in `dispatch_unlocked'
    /usr/lib/ruby/gems/1.8/gems/actionpack-2.2.2/lib/action_controller/dispatcher.rb:123:in `dispatch'
    /usr/lib/ruby/gems/1.8/gems/actionpack-2.2.2/lib/action_controller/dispatcher.rb:122:in `synchronize'
    /usr/lib/ruby/gems/1.8/gems/actionpack-2.2.2/lib/action_controller/dispatcher.rb:122:in `dispatch'
    /usr/lib/ruby/gems/1.8/gems/actionpack-2.2.2/lib/action_controller/dispatcher.rb:132:in `dispatch_cgi'
    /usr/lib/ruby/gems/1.8/gems/actionpack-2.2.2/lib/action_controller/dispatcher.rb:39:in `dispatch'
    /usr/lib/ruby/gems/1.8/gems/mongrel-1.1.5/bin/../lib/mongrel/rails.rb:76:in `process'
    /usr/lib/ruby/gems/1.8/gems/mongrel-1.1.5/bin/../lib/mongrel/rails.rb:74:in `synchronize'
    /usr/lib/ruby/gems/1.8/gems/mongrel-1.1.5/bin/../lib/mongrel/rails.rb:74:in `process'
    /usr/lib/ruby/gems/1.8/gems/mongrel-1.1.5/lib/mongrel.rb:159:in `process_client'
    /usr/lib/ruby/gems/1.8/gems/mongrel-1.1.5/lib/mongrel.rb:158:in `each'
    /usr/lib/ruby/gems/1.8/gems/mongrel-1.1.5/lib/mongrel.rb:158:in `process_client'
    /usr/lib/ruby/gems/1.8/gems/mongrel-1.1.5/lib/mongrel.rb:285:in `run'
    /usr/lib/ruby/gems/1.8/gems/mongrel-1.1.5/lib/mongrel.rb:285:in `initialize'
    /usr/lib/ruby/gems/1.8/gems/mongrel-1.1.5/lib/mongrel.rb:285:in `new'
    /usr/lib/ruby/gems/1.8/gems/mongrel-1.1.5/lib/mongrel.rb:285:in `run'
    /usr/lib/ruby/gems/1.8/gems/mongrel-1.1.5/lib/mongrel.rb:268:in `initialize'
    /usr/lib/ruby/gems/1.8/gems/mongrel-1.1.5/lib/mongrel.rb:268:in `new'
    /usr/lib/ruby/gems/1.8/gems/mongrel-1.1.5/lib/mongrel.rb:268:in `run'
    /usr/lib/ruby/gems/1.8/gems/mongrel-1.1.5/lib/mongrel/configurator.rb:282:in `run'
    /usr/lib/ruby/gems/1.8/gems/mongrel-1.1.5/lib/mongrel/configurator.rb:281:in `each'
    /usr/lib/ruby/gems/1.8/gems/mongrel-1.1.5/lib/mongrel/configurator.rb:281:in `run'
    /usr/lib/ruby/gems/1.8/gems/mongrel-1.1.5/bin/mongrel_rails:128:in `run'
    /usr/lib/ruby/gems/1.8/gems/mongrel-1.1.5/lib/mongrel/command.rb:212:in `run'
    /usr/lib/ruby/gems/1.8/gems/mongrel-1.1.5/bin/mongrel_rails:281
    /usr/lib/ruby/gems/1.8/gems/activesupport-2.2.2/lib/active_support/dependencies.rb:142:in `load_without_new_constant_marking'
    /usr/lib/ruby/gems/1.8/gems/activesupport-2.2.2/lib/active_support/dependencies.rb:142:in `load'
    /usr/lib/ruby/gems/1.8/gems/activesupport-2.2.2/lib/active_support/dependencies.rb:521:in `new_constants_in'
    /usr/lib/ruby/gems/1.8/gems/activesupport-2.2.2/lib/active_support/dependencies.rb:142:in `load'
    /usr/lib/ruby/gems/1.8/gems/rails-2.2.2/lib/commands/servers/mongrel.rb:64
    /usr/local/lib/site_ruby/1.8/rubygems/custom_require.rb:31:in `gem_original_require'
    /usr/local/lib/site_ruby/1.8/rubygems/custom_require.rb:31:in `require'
    /usr/lib/ruby/gems/1.8/gems/activesupport-2.2.2/lib/active_support/dependencies.rb:153:in `require'
    /usr/lib/ruby/gems/1.8/gems/activesupport-2.2.2/lib/active_support/dependencies.rb:521:in `new_constants_in'
    /usr/lib/ruby/gems/1.8/gems/activesupport-2.2.2/lib/active_support/dependencies.rb:153:in `require'
    /usr/lib/ruby/gems/1.8/gems/rails-2.2.2/lib/commands/server.rb:49
    /usr/local/lib/site_ruby/1.8/rubygems/custom_require.rb:31:in `gem_original_require'
    /usr/local/lib/site_ruby/1.8/rubygems/custom_require.rb:31:in `require'
    script/server:3

Rendered /usr/lib/ruby/gems/1.8/gems/actionpack-2.2.2/lib/action_controller/templates/rescues/_trace (78.1ms)
Rendered /usr/lib/ruby/gems/1.8/gems/actionpack-2.2.2/lib/action_controller/templates/rescues/_request_and_response (1.1ms)
Rendering /usr/lib/ruby/gems/1.8/gems/actionpack-2.2.2/lib/action_controller/templates/rescues/layout.erb (internal_server_error)


Processing ApplicationController#index (for 127.0.0.1 at 2008-12-29 16:37:26) [GET]


ActionController::RoutingError (No route matches "/mdl_user" with {:method=>:get}):
    /usr/lib/ruby/gems/1.8/gems/actionpack-2.2.2/lib/action_controller/routing/recognition_optimisation.rb:66:in `recognize_path'
    /usr/lib/ruby/gems/1.8/gems/actionpack-2.2.2/lib/action_controller/routing/route_set.rb:386:in `recognize'
    /usr/lib/ruby/gems/1.8/gems/actionpack-2.2.2/lib/action_controller/dispatcher.rb:182:in `handle_request'
    /usr/lib/ruby/gems/1.8/gems/actionpack-2.2.2/lib/action_controller/dispatcher.rb:110:in `dispatch_unlocked'
    /usr/lib/ruby/gems/1.8/gems/actionpack-2.2.2/lib/action_controller/dispatcher.rb:123:in `dispatch'
    /usr/lib/ruby/gems/1.8/gems/actionpack-2.2.2/lib/action_controller/dispatcher.rb:122:in `synchronize'
    /usr/lib/ruby/gems/1.8/gems/actionpack-2.2.2/lib/action_controller/dispatcher.rb:122:in `dispatch'
    /usr/lib/ruby/gems/1.8/gems/actionpack-2.2.2/lib/action_controller/dispatcher.rb:132:in `dispatch_cgi'
    /usr/lib/ruby/gems/1.8/gems/actionpack-2.2.2/lib/action_controller/dispatcher.rb:39:in `dispatch'
    /usr/lib/ruby/gems/1.8/gems/mongrel-1.1.5/bin/../lib/mongrel/rails.rb:76:in `process'
    /usr/lib/ruby/gems/1.8/gems/mongrel-1.1.5/bin/../lib/mongrel/rails.rb:74:in `synchronize'
    /usr/lib/ruby/gems/1.8/gems/mongrel-1.1.5/bin/../lib/mongrel/rails.rb:74:in `process'
    /usr/lib/ruby/gems/1.8/gems/mongrel-1.1.5/lib/mongrel.rb:159:in `process_client'
    /usr/lib/ruby/gems/1.8/gems/mongrel-1.1.5/lib/mongrel.rb:158:in `each'
    /usr/lib/ruby/gems/1.8/gems/mongrel-1.1.5/lib/mongrel.rb:158:in `process_client'
    /usr/lib/ruby/gems/1.8/gems/mongrel-1.1.5/lib/mongrel.rb:285:in `run'
    /usr/lib/ruby/gems/1.8/gems/mongrel-1.1.5/lib/mongrel.rb:285:in `initialize'
    /usr/lib/ruby/gems/1.8/gems/mongrel-1.1.5/lib/mongrel.rb:285:in `new'
    /usr/lib/ruby/gems/1.8/gems/mongrel-1.1.5/lib/mongrel.rb:285:in `run'
    /usr/lib/ruby/gems/1.8/gems/mongrel-1.1.5/lib/mongrel.rb:268:in `initialize'
    /usr/lib/ruby/gems/1.8/gems/mongrel-1.1.5/lib/mongrel.rb:268:in `new'
    /usr/lib/ruby/gems/1.8/gems/mongrel-1.1.5/lib/mongrel.rb:268:in `run'
    /usr/lib/ruby/gems/1.8/gems/mongrel-1.1.5/lib/mongrel/configurator.rb:282:in `run'
    /usr/lib/ruby/gems/1.8/gems/mongrel-1.1.5/lib/mongrel/configurator.rb:281:in `each'
    /usr/lib/ruby/gems/1.8/gems/mongrel-1.1.5/lib/mongrel/configurator.rb:281:in `run'
    /usr/lib/ruby/gems/1.8/gems/mongrel-1.1.5/bin/mongrel_rails:128:in `run'
    /usr/lib/ruby/gems/1.8/gems/mongrel-1.1.5/lib/mongrel/command.rb:212:in `run'
    /usr/lib/ruby/gems/1.8/gems/mongrel-1.1.5/bin/mongrel_rails:281
    /usr/lib/ruby/gems/1.8/gems/activesupport-2.2.2/lib/active_support/dependencies.rb:142:in `load_without_new_constant_marking'
    /usr/lib/ruby/gems/1.8/gems/activesupport-2.2.2/lib/active_support/dependencies.rb:142:in `load'
    /usr/lib/ruby/gems/1.8/gems/activesupport-2.2.2/lib/active_support/dependencies.rb:521:in `new_constants_in'
    /usr/lib/ruby/gems/1.8/gems/activesupport-2.2.2/lib/active_support/dependencies.rb:142:in `load'
    /usr/lib/ruby/gems/1.8/gems/rails-2.2.2/lib/commands/servers/mongrel.rb:64
    /usr/local/lib/site_ruby/1.8/rubygems/custom_require.rb:31:in `gem_original_require'
    /usr/local/lib/site_ruby/1.8/rubygems/custom_require.rb:31:in `require'
    /usr/lib/ruby/gems/1.8/gems/activesupport-2.2.2/lib/active_support/dependencies.rb:153:in `require'
    /usr/lib/ruby/gems/1.8/gems/activesupport-2.2.2/lib/active_support/dependencies.rb:521:in `new_constants_in'
    /usr/lib/ruby/gems/1.8/gems/activesupport-2.2.2/lib/active_support/dependencies.rb:153:in `require'
    /usr/lib/ruby/gems/1.8/gems/rails-2.2.2/lib/commands/server.rb:49
    /usr/local/lib/site_ruby/1.8/rubygems/custom_require.rb:31:in `gem_original_require'
    /usr/local/lib/site_ruby/1.8/rubygems/custom_require.rb:31:in `require'
    script/server:3

Rendering /usr/lib/ruby/gems/1.8/gems/actionpack-2.2.2/lib/action_controller/templates/rescues/layout.erb (not_found)


Processing MdlUsersController#index (for 127.0.0.1 at 2008-12-29 16:38:08) [GET]
  [4;35;1mSQL (0.1ms)[0m   [0mSET NAMES 'utf8'[0m
  [4;36;1mSQL (0.1ms)[0m   [0;1mSET SQL_AUTO_IS_NULL=0[0m
  [4;35;1mMdlUser Load (0.0ms)[0m   [0mMysql::Error: Table 'moodle.mdl_users' doesn't exist: SELECT * FROM `mdl_users` [0m


ActiveRecord::StatementInvalid (Mysql::Error: Table 'moodle.mdl_users' doesn't exist: SELECT * FROM `mdl_users` ):
    /usr/lib/ruby/gems/1.8/gems/activerecord-2.2.2/lib/active_record/connection_adapters/abstract_adapter.rb:188:in `log'
    /usr/lib/ruby/gems/1.8/gems/activerecord-2.2.2/lib/active_record/connection_adapters/mysql_adapter.rb:309:in `execute'
    /usr/lib/ruby/gems/1.8/gems/activerecord-2.2.2/lib/active_record/connection_adapters/mysql_adapter.rb:563:in `select'
    /usr/lib/ruby/gems/1.8/gems/activerecord-2.2.2/lib/active_record/connection_adapters/abstract/database_statements.rb:7:in `select_all_without_query_cache'
    /usr/lib/ruby/gems/1.8/gems/activerecord-2.2.2/lib/active_record/connection_adapters/abstract/query_cache.rb:60:in `select_all'
    /usr/lib/ruby/gems/1.8/gems/activerecord-2.2.2/lib/active_record/connection_adapters/abstract/query_cache.rb:81:in `cache_sql'
    /usr/lib/ruby/gems/1.8/gems/activerecord-2.2.2/lib/active_record/connection_adapters/abstract/query_cache.rb:60:in `select_all'
    /usr/lib/ruby/gems/1.8/gems/activerecord-2.2.2/lib/active_record/base.rb:635:in `find_by_sql'
    /usr/lib/ruby/gems/1.8/gems/activerecord-2.2.2/lib/active_record/base.rb:1490:in `find_every'
    /usr/lib/ruby/gems/1.8/gems/activerecord-2.2.2/lib/active_record/base.rb:589:in `find'
    /app/controllers/mdl_users_controller.rb:5:in `index'
    /usr/lib/ruby/gems/1.8/gems/actionpack-2.2.2/lib/action_controller/base.rb:1253:in `send'
    /usr/lib/ruby/gems/1.8/gems/actionpack-2.2.2/lib/action_controller/base.rb:1253:in `perform_action_without_filters'
    /usr/lib/ruby/gems/1.8/gems/actionpack-2.2.2/lib/action_controller/filters.rb:617:in `call_filters'
    /usr/lib/ruby/gems/1.8/gems/actionpack-2.2.2/lib/action_controller/filters.rb:610:in `perform_action_without_benchmark'
    /usr/lib/ruby/gems/1.8/gems/actionpack-2.2.2/lib/action_controller/benchmarking.rb:68:in `perform_action_without_rescue'
    /usr/lib/ruby/1.8/benchmark.rb:293:in `measure'
    /usr/lib/ruby/gems/1.8/gems/actionpack-2.2.2/lib/action_controller/benchmarking.rb:68:in `perform_action_without_rescue'
    /usr/lib/ruby/gems/1.8/gems/actionpack-2.2.2/lib/action_controller/rescue.rb:136:in `perform_action_without_caching'
    /usr/lib/ruby/gems/1.8/gems/actionpack-2.2.2/lib/action_controller/caching/sql_cache.rb:13:in `perform_action'
    /usr/lib/ruby/gems/1.8/gems/activerecord-2.2.2/lib/active_record/connection_adapters/abstract/query_cache.rb:34:in `cache'
    /usr/lib/ruby/gems/1.8/gems/activerecord-2.2.2/lib/active_record/query_cache.rb:8:in `cache'
    /usr/lib/ruby/gems/1.8/gems/actionpack-2.2.2/lib/action_controller/caching/sql_cache.rb:12:in `perform_action'
    /usr/lib/ruby/gems/1.8/gems/actionpack-2.2.2/lib/action_controller/base.rb:524:in `send'
    /usr/lib/ruby/gems/1.8/gems/actionpack-2.2.2/lib/action_controller/base.rb:524:in `process_without_filters'
    /usr/lib/ruby/gems/1.8/gems/actionpack-2.2.2/lib/action_controller/filters.rb:606:in `process_without_session_management_support'
    /usr/lib/ruby/gems/1.8/gems/actionpack-2.2.2/lib/action_controller/session_management.rb:134:in `process'
    /usr/lib/ruby/gems/1.8/gems/actionpack-2.2.2/lib/action_controller/base.rb:392:in `process'
    /usr/lib/ruby/gems/1.8/gems/actionpack-2.2.2/lib/action_controller/dispatcher.rb:183:in `handle_request'
    /usr/lib/ruby/gems/1.8/gems/actionpack-2.2.2/lib/action_controller/dispatcher.rb:110:in `dispatch_unlocked'
    /usr/lib/ruby/gems/1.8/gems/actionpack-2.2.2/lib/action_controller/dispatcher.rb:123:in `dispatch'
    /usr/lib/ruby/gems/1.8/gems/actionpack-2.2.2/lib/action_controller/dispatcher.rb:122:in `synchronize'
    /usr/lib/ruby/gems/1.8/gems/actionpack-2.2.2/lib/action_controller/dispatcher.rb:122:in `dispatch'
    /usr/lib/ruby/gems/1.8/gems/actionpack-2.2.2/lib/action_controller/dispatcher.rb:132:in `dispatch_cgi'
    /usr/lib/ruby/gems/1.8/gems/actionpack-2.2.2/lib/action_controller/dispatcher.rb:39:in `dispatch'
    /usr/lib/ruby/gems/1.8/gems/mongrel-1.1.5/bin/../lib/mongrel/rails.rb:76:in `process'
    /usr/lib/ruby/gems/1.8/gems/mongrel-1.1.5/bin/../lib/mongrel/rails.rb:74:in `synchronize'
    /usr/lib/ruby/gems/1.8/gems/mongrel-1.1.5/bin/../lib/mongrel/rails.rb:74:in `process'
    /usr/lib/ruby/gems/1.8/gems/mongrel-1.1.5/lib/mongrel.rb:159:in `process_client'
    /usr/lib/ruby/gems/1.8/gems/mongrel-1.1.5/lib/mongrel.rb:158:in `each'
    /usr/lib/ruby/gems/1.8/gems/mongrel-1.1.5/lib/mongrel.rb:158:in `process_client'
    /usr/lib/ruby/gems/1.8/gems/mongrel-1.1.5/lib/mongrel.rb:285:in `run'
    /usr/lib/ruby/gems/1.8/gems/mongrel-1.1.5/lib/mongrel.rb:285:in `initialize'
    /usr/lib/ruby/gems/1.8/gems/mongrel-1.1.5/lib/mongrel.rb:285:in `new'
    /usr/lib/ruby/gems/1.8/gems/mongrel-1.1.5/lib/mongrel.rb:285:in `run'
    /usr/lib/ruby/gems/1.8/gems/mongrel-1.1.5/lib/mongrel.rb:268:in `initialize'
    /usr/lib/ruby/gems/1.8/gems/mongrel-1.1.5/lib/mongrel.rb:268:in `new'
    /usr/lib/ruby/gems/1.8/gems/mongrel-1.1.5/lib/mongrel.rb:268:in `run'
    /usr/lib/ruby/gems/1.8/gems/mongrel-1.1.5/lib/mongrel/configurator.rb:282:in `run'
    /usr/lib/ruby/gems/1.8/gems/mongrel-1.1.5/lib/mongrel/configurator.rb:281:in `each'
    /usr/lib/ruby/gems/1.8/gems/mongrel-1.1.5/lib/mongrel/configurator.rb:281:in `run'
    /usr/lib/ruby/gems/1.8/gems/mongrel-1.1.5/bin/mongrel_rails:128:in `run'
    /usr/lib/ruby/gems/1.8/gems/mongrel-1.1.5/lib/mongrel/command.rb:212:in `run'
    /usr/lib/ruby/gems/1.8/gems/mongrel-1.1.5/bin/mongrel_rails:281
    /usr/lib/ruby/gems/1.8/gems/activesupport-2.2.2/lib/active_support/dependencies.rb:142:in `load_without_new_constant_marking'
    /usr/lib/ruby/gems/1.8/gems/activesupport-2.2.2/lib/active_support/dependencies.rb:142:in `load'
    /usr/lib/ruby/gems/1.8/gems/activesupport-2.2.2/lib/active_support/dependencies.rb:521:in `new_constants_in'
    /usr/lib/ruby/gems/1.8/gems/activesupport-2.2.2/lib/active_support/dependencies.rb:142:in `load'
    /usr/lib/ruby/gems/1.8/gems/rails-2.2.2/lib/commands/servers/mongrel.rb:64
    /usr/local/lib/site_ruby/1.8/rubygems/custom_require.rb:31:in `gem_original_require'
    /usr/local/lib/site_ruby/1.8/rubygems/custom_require.rb:31:in `require'
    /usr/lib/ruby/gems/1.8/gems/activesupport-2.2.2/lib/active_support/dependencies.rb:153:in `require'
    /usr/lib/ruby/gems/1.8/gems/activesupport-2.2.2/lib/active_support/dependencies.rb:521:in `new_constants_in'
    /usr/lib/ruby/gems/1.8/gems/activesupport-2.2.2/lib/active_support/dependencies.rb:153:in `require'
    /usr/lib/ruby/gems/1.8/gems/rails-2.2.2/lib/commands/server.rb:49
    /usr/local/lib/site_ruby/1.8/rubygems/custom_require.rb:31:in `gem_original_require'
    /usr/local/lib/site_ruby/1.8/rubygems/custom_require.rb:31:in `require'
    script/server:3

Rendered /usr/lib/ruby/gems/1.8/gems/actionpack-2.2.2/lib/action_controller/templates/rescues/_trace (64.7ms)
Rendered /usr/lib/ruby/gems/1.8/gems/actionpack-2.2.2/lib/action_controller/templates/rescues/_request_and_response (1.0ms)
Rendering /usr/lib/ruby/gems/1.8/gems/actionpack-2.2.2/lib/action_controller/templates/rescues/layout.erb (internal_server_error)


Processing MdlUsersController#index (for 127.0.0.1 at 2008-12-29 16:49:45) [GET]
  [4;36;1mSQL (0.1ms)[0m   [0;1mSET NAMES 'utf8'[0m
  [4;35;1mSQL (0.4ms)[0m   [0mSET SQL_AUTO_IS_NULL=0[0m
  [4;36;1mMdlUser Load (0.5ms)[0m   [0;1mSELECT * FROM `mdl_user` [0m
Rendering template within layouts/mdl_users
Rendering mdl_users/index
  [4;35;1mMdlUser Columns (3.1ms)[0m   [0mSHOW FIELDS FROM `mdl_user`[0m
Completed in 48ms (View: 31, DB: 4) | 200 OK [http://localhost/mdl_users]


Processing MdlUsersController#edit (for 127.0.0.1 at 2008-12-29 16:49:58) [GET]
  Parameters: {"id"=>"3"}
  [4;36;1mSQL (0.1ms)[0m   [0;1mSET NAMES 'utf8'[0m
  [4;35;1mSQL (0.1ms)[0m   [0mSET SQL_AUTO_IS_NULL=0[0m
  [4;36;1mMdlUser Columns (3.1ms)[0m   [0;1mSHOW FIELDS FROM `mdl_user`[0m
  [4;35;1mMdlUser Load (0.5ms)[0m   [0mSELECT * FROM `mdl_user` WHERE (`mdl_user`.`id` = 3) [0m
Rendering template within layouts/mdl_users
Rendering mdl_users/edit
Completed in 42ms (View: 27, DB: 4) | 200 OK [http://localhost/mdl_users/3/edit]


Processing MdlUsersController#update (for 127.0.0.1 at 2008-12-29 16:50:41) [PUT]
  Parameters: {"commit"=>"Update", "authenticity_token"=>"62b9ad70451796fcaf809eb5180ff48bc9ae6174", "id"=>"3", "mdl_user"=>{"city"=>"lkjlkjlk", "country"=>"AS", "username"=>"jbrown", "lastname"=>"brown", "firstname"=>"john", "email"=>"rubytuesday@gmail.com"}}
  [4;36;1mSQL (0.1ms)[0m   [0;1mSET NAMES 'utf8'[0m
  [4;35;1mSQL (0.1ms)[0m   [0mSET SQL_AUTO_IS_NULL=0[0m
  [4;36;1mMdlUser Columns (3.2ms)[0m   [0;1mSHOW FIELDS FROM `mdl_user`[0m
  [4;35;1mMdlUser Load (0.2ms)[0m   [0mSELECT * FROM `mdl_user` WHERE (`mdl_user`.`id` = 3) [0m
  [4;36;1mSQL (0.1ms)[0m   [0;1mBEGIN[0m
  [4;35;1mMdlUser Update (0.4ms)[0m   [0mUPDATE `mdl_user` SET `email` = 'rubytuesday@gmail.com' WHERE `id` = 3[0m
  [4;36;1mSQL (0.1ms)[0m   [0;1mCOMMIT[0m
Redirected to #<MdlUser:0xb68534bc>
Completed in 30ms (DB: 4) | 302 Found [http://localhost/mdl_users/3]


Processing MdlUsersController#show (for 127.0.0.1 at 2008-12-29 16:50:41) [GET]
  Parameters: {"id"=>"3"}
  [4;35;1mSQL (0.1ms)[0m   [0mSET NAMES 'utf8'[0m
  [4;36;1mSQL (0.1ms)[0m   [0;1mSET SQL_AUTO_IS_NULL=0[0m
  [4;35;1mMdlUser Columns (3.1ms)[0m   [0mSHOW FIELDS FROM `mdl_user`[0m
  [4;36;1mMdlUser Load (0.5ms)[0m   [0;1mSELECT * FROM `mdl_user` WHERE (`mdl_user`.`id` = 3) [0m
Rendering template within layouts/mdl_users
Rendering mdl_users/show
Completed in 35ms (View: 20, DB: 4) | 200 OK [http://localhost/mdl_users/3]


Processing MdlUsersController#index (for 127.0.0.1 at 2008-12-29 16:50:44) [GET]
  [4;35;1mSQL (0.1ms)[0m   [0mSET NAMES 'utf8'[0m
  [4;36;1mSQL (0.1ms)[0m   [0;1mSET SQL_AUTO_IS_NULL=0[0m
  [4;35;1mMdlUser Load (0.5ms)[0m   [0mSELECT * FROM `mdl_user` [0m
Rendering template within layouts/mdl_users
Rendering mdl_users/index
  [4;36;1mMdlUser Columns (3.1ms)[0m   [0;1mSHOW FIELDS FROM `mdl_user`[0m
Completed in 41ms (View: 28, DB: 4) | 200 OK [http://localhost/mdl_users]


Processing MdlUsersController#index (for 127.0.0.1 at 2008-12-29 16:55:00) [GET]
  [4;35;1mSQL (0.1ms)[0m   [0mSET NAMES 'utf8'[0m
  [4;36;1mSQL (0.1ms)[0m   [0;1mSET SQL_AUTO_IS_NULL=0[0m
  [4;35;1mMdlUser Load (0.6ms)[0m   [0mSELECT * FROM `mdl_user` [0m
Rendering template within layouts/mdl_users
Rendering mdl_users/index
  [4;36;1mMdlUser Columns (3.1ms)[0m   [0;1mSHOW FIELDS FROM `mdl_user`[0m
Completed in 38ms (View: 25, DB: 4) | 200 OK [http://localhost/mdl_users]


Processing MdlUsersController#index (for 127.0.0.1 at 2008-12-29 17:08:40) [GET]
  [4;36;1mSQL (0.1ms)[0m   [0;1mSET NAMES 'utf8'[0m
  [4;35;1mSQL (0.1ms)[0m   [0mSET SQL_AUTO_IS_NULL=0[0m
  [4;36;1mMdlUser Load (0.2ms)[0m   [0;1mSELECT * FROM `mdl_user` [0m
Rendering template within layouts/mdl_users
Rendering mdl_users/index
  [4;35;1mMdlUser Columns (2.8ms)[0m   [0mSHOW FIELDS FROM `mdl_user`[0m
Completed in 43ms (View: 28, DB: 3) | 200 OK [http://localhost/mdl_users]


Processing MdlUsersController#show (for 127.0.0.1 at 2008-12-29 17:08:43) [GET]
  Parameters: {"id"=>"4"}
  [4;36;1mSQL (0.1ms)[0m   [0;1mSET NAMES 'utf8'[0m
  [4;35;1mSQL (0.1ms)[0m   [0mSET SQL_AUTO_IS_NULL=0[0m
  [4;36;1mMdlUser Columns (3.1ms)[0m   [0;1mSHOW FIELDS FROM `mdl_user`[0m
  [4;35;1mMdlUser Load (0.4ms)[0m   [0mSELECT * FROM `mdl_user` WHERE (`mdl_user`.`id` = 4) [0m
Rendering template within layouts/mdl_users
Rendering mdl_users/show
  [4;36;1mMdlRole Load (0.0ms)[0m   [0;1mMysql::Error: Unknown column 'mdl_role.mdl_user_id' in 'where clause': SELECT * FROM `mdl_role` WHERE (`mdl_role`.mdl_user_id = 4) [0m


ActionView::TemplateError (Mysql::Error: Unknown column 'mdl_role.mdl_user_id' in 'where clause': SELECT * FROM `mdl_role` WHERE (`mdl_role`.mdl_user_id = 4) ) on line #30 of app/views/mdl_users/show.html.erb:
27:   <b>City:</b>
28:   <%=h @mdl_user.city %>
29: </p>
30: <% @mdl_user.mdl_roles.each do |role| %>
31:   <%= role.name %>
32: <% end %> 
33:   

    /usr/lib/ruby/gems/1.8/gems/activerecord-2.2.2/lib/active_record/connection_adapters/abstract_adapter.rb:188:in `log'
    /usr/lib/ruby/gems/1.8/gems/activerecord-2.2.2/lib/active_record/connection_adapters/mysql_adapter.rb:309:in `execute'
    /usr/lib/ruby/gems/1.8/gems/activerecord-2.2.2/lib/active_record/connection_adapters/mysql_adapter.rb:563:in `select'
    /usr/lib/ruby/gems/1.8/gems/activerecord-2.2.2/lib/active_record/connection_adapters/abstract/database_statements.rb:7:in `select_all_without_query_cache'
    /usr/lib/ruby/gems/1.8/gems/activerecord-2.2.2/lib/active_record/connection_adapters/abstract/query_cache.rb:60:in `select_all'
    /usr/lib/ruby/gems/1.8/gems/activerecord-2.2.2/lib/active_record/connection_adapters/abstract/query_cache.rb:81:in `cache_sql'
    /usr/lib/ruby/gems/1.8/gems/activerecord-2.2.2/lib/active_record/connection_adapters/abstract/query_cache.rb:60:in `select_all'
    /usr/lib/ruby/gems/1.8/gems/activerecord-2.2.2/lib/active_record/base.rb:635:in `find_by_sql'
    /usr/lib/ruby/gems/1.8/gems/activerecord-2.2.2/lib/active_record/base.rb:1490:in `find_every'
    /usr/lib/ruby/gems/1.8/gems/activerecord-2.2.2/lib/active_record/base.rb:589:in `find'
    /usr/lib/ruby/gems/1.8/gems/activerecord-2.2.2/lib/active_record/associations/association_collection.rb:60:in `find'
    /usr/lib/ruby/gems/1.8/gems/activerecord-2.2.2/lib/active_record/associations/association_collection.rb:390:in `find_target'
    /usr/lib/ruby/gems/1.8/gems/activerecord-2.2.2/lib/active_record/associations/association_collection.rb:344:in `load_target'
    /usr/lib/ruby/gems/1.8/gems/activerecord-2.2.2/lib/active_record/associations/association_proxy.rb:208:in `method_missing'
    /usr/lib/ruby/gems/1.8/gems/activerecord-2.2.2/lib/active_record/associations/association_collection.rb:359:in `method_missing'
    app/views/mdl_users/show.html.erb:30
    /usr/lib/ruby/gems/1.8/gems/actionpack-2.2.2/lib/action_view/renderable.rb:39:in `send'
    /usr/lib/ruby/gems/1.8/gems/actionpack-2.2.2/lib/action_view/renderable.rb:39:in `render'
    /usr/lib/ruby/gems/1.8/gems/actionpack-2.2.2/lib/action_view/template.rb:73:in `render_template'
    /usr/lib/ruby/gems/1.8/gems/actionpack-2.2.2/lib/action_view/base.rb:256:in `render'
    /usr/lib/ruby/gems/1.8/gems/actionpack-2.2.2/lib/action_view/base.rb:367:in `_render_with_layout'
    /usr/lib/ruby/gems/1.8/gems/actionpack-2.2.2/lib/action_view/base.rb:254:in `render'
    /usr/lib/ruby/gems/1.8/gems/actionpack-2.2.2/lib/action_controller/base.rb:1174:in `render_for_file'
    /usr/lib/ruby/gems/1.8/gems/actionpack-2.2.2/lib/action_controller/base.rb:905:in `render_without_benchmark'
    /usr/lib/ruby/gems/1.8/gems/actionpack-2.2.2/lib/action_controller/benchmarking.rb:51:in `render'
    /usr/lib/ruby/gems/1.8/gems/activesupport-2.2.2/lib/active_support/core_ext/benchmark.rb:8:in `realtime'
    /usr/lib/ruby/gems/1.8/gems/actionpack-2.2.2/lib/action_controller/benchmarking.rb:51:in `render'
    /usr/lib/ruby/gems/1.8/gems/actionpack-2.2.2/lib/action_controller/mime_responds.rb:135:in `send'
    /usr/lib/ruby/gems/1.8/gems/actionpack-2.2.2/lib/action_controller/mime_responds.rb:135:in `custom'
    /usr/lib/ruby/gems/1.8/gems/actionpack-2.2.2/lib/action_controller/mime_responds.rb:164:in `call'
    /usr/lib/ruby/gems/1.8/gems/actionpack-2.2.2/lib/action_controller/mime_responds.rb:164:in `respond'
    /usr/lib/ruby/gems/1.8/gems/actionpack-2.2.2/lib/action_controller/mime_responds.rb:158:in `each'
    /usr/lib/ruby/gems/1.8/gems/actionpack-2.2.2/lib/action_controller/mime_responds.rb:158:in `respond'
    /usr/lib/ruby/gems/1.8/gems/actionpack-2.2.2/lib/action_controller/mime_responds.rb:107:in `respond_to'
    app/controllers/mdl_users_controller.rb:18:in `show'
    /usr/lib/ruby/gems/1.8/gems/actionpack-2.2.2/lib/action_controller/base.rb:1253:in `send'
    /usr/lib/ruby/gems/1.8/gems/actionpack-2.2.2/lib/action_controller/base.rb:1253:in `perform_action_without_filters'
    /usr/lib/ruby/gems/1.8/gems/actionpack-2.2.2/lib/action_controller/filters.rb:617:in `call_filters'
    /usr/lib/ruby/gems/1.8/gems/actionpack-2.2.2/lib/action_controller/filters.rb:610:in `perform_action_without_benchmark'
    /usr/lib/ruby/gems/1.8/gems/actionpack-2.2.2/lib/action_controller/benchmarking.rb:68:in `perform_action_without_rescue'
    /usr/lib/ruby/1.8/benchmark.rb:293:in `measure'
    /usr/lib/ruby/gems/1.8/gems/actionpack-2.2.2/lib/action_controller/benchmarking.rb:68:in `perform_action_without_rescue'
    /usr/lib/ruby/gems/1.8/gems/actionpack-2.2.2/lib/action_controller/rescue.rb:136:in `perform_action_without_caching'
    /usr/lib/ruby/gems/1.8/gems/actionpack-2.2.2/lib/action_controller/caching/sql_cache.rb:13:in `perform_action'
    /usr/lib/ruby/gems/1.8/gems/activerecord-2.2.2/lib/active_record/connection_adapters/abstract/query_cache.rb:34:in `cache'
    /usr/lib/ruby/gems/1.8/gems/activerecord-2.2.2/lib/active_record/query_cache.rb:8:in `cache'
    /usr/lib/ruby/gems/1.8/gems/actionpack-2.2.2/lib/action_controller/caching/sql_cache.rb:12:in `perform_action'
    /usr/lib/ruby/gems/1.8/gems/actionpack-2.2.2/lib/action_controller/base.rb:524:in `send'
    /usr/lib/ruby/gems/1.8/gems/actionpack-2.2.2/lib/action_controller/base.rb:524:in `process_without_filters'
    /usr/lib/ruby/gems/1.8/gems/actionpack-2.2.2/lib/action_controller/filters.rb:606:in `process_without_session_management_support'
    /usr/lib/ruby/gems/1.8/gems/actionpack-2.2.2/lib/action_controller/session_management.rb:134:in `process'
    /usr/lib/ruby/gems/1.8/gems/actionpack-2.2.2/lib/action_controller/base.rb:392:in `process'
    /usr/lib/ruby/gems/1.8/gems/actionpack-2.2.2/lib/action_controller/dispatcher.rb:183:in `handle_request'
    /usr/lib/ruby/gems/1.8/gems/actionpack-2.2.2/lib/action_controller/dispatcher.rb:110:in `dispatch_unlocked'
    /usr/lib/ruby/gems/1.8/gems/actionpack-2.2.2/lib/action_controller/dispatcher.rb:123:in `dispatch'
    /usr/lib/ruby/gems/1.8/gems/actionpack-2.2.2/lib/action_controller/dispatcher.rb:122:in `synchronize'
    /usr/lib/ruby/gems/1.8/gems/actionpack-2.2.2/lib/action_controller/dispatcher.rb:122:in `dispatch'
    /usr/lib/ruby/gems/1.8/gems/actionpack-2.2.2/lib/action_controller/dispatcher.rb:132:in `dispatch_cgi'
    /usr/lib/ruby/gems/1.8/gems/actionpack-2.2.2/lib/action_controller/dispatcher.rb:39:in `dispatch'
    /usr/lib/ruby/gems/1.8/gems/mongrel-1.1.5/lib/mongrel/rails.rb:76:in `process'
    /usr/lib/ruby/gems/1.8/gems/mongrel-1.1.5/lib/mongrel/rails.rb:74:in `synchronize'
    /usr/lib/ruby/gems/1.8/gems/mongrel-1.1.5/lib/mongrel/rails.rb:74:in `process'
    /usr/lib/ruby/gems/1.8/gems/mongrel-1.1.5/lib/mongrel.rb:159:in `process_client'
    /usr/lib/ruby/gems/1.8/gems/mongrel-1.1.5/lib/mongrel.rb:158:in `each'
    /usr/lib/ruby/gems/1.8/gems/mongrel-1.1.5/lib/mongrel.rb:158:in `process_client'
    /usr/lib/ruby/gems/1.8/gems/mongrel-1.1.5/lib/mongrel.rb:285:in `run'
    /usr/lib/ruby/gems/1.8/gems/mongrel-1.1.5/lib/mongrel.rb:285:in `initialize'
    /usr/lib/ruby/gems/1.8/gems/mongrel-1.1.5/lib/mongrel.rb:285:in `new'
    /usr/lib/ruby/gems/1.8/gems/mongrel-1.1.5/lib/mongrel.rb:285:in `run'
    /usr/lib/ruby/gems/1.8/gems/mongrel-1.1.5/lib/mongrel.rb:268:in `initialize'
    /usr/lib/ruby/gems/1.8/gems/mongrel-1.1.5/lib/mongrel.rb:268:in `new'
    /usr/lib/ruby/gems/1.8/gems/mongrel-1.1.5/lib/mongrel.rb:268:in `run'
    /usr/lib/ruby/gems/1.8/gems/mongrel-1.1.5/lib/mongrel/configurator.rb:282:in `run'
    /usr/lib/ruby/gems/1.8/gems/mongrel-1.1.5/lib/mongrel/configurator.rb:281:in `each'
    /usr/lib/ruby/gems/1.8/gems/mongrel-1.1.5/lib/mongrel/configurator.rb:281:in `run'
    /usr/lib/ruby/gems/1.8/gems/mongrel-1.1.5/bin/mongrel_rails:128:in `run'
    /usr/lib/ruby/gems/1.8/gems/mongrel-1.1.5/lib/mongrel/command.rb:212:in `run'
    /usr/lib/ruby/gems/1.8/gems/mongrel-1.1.5/bin/mongrel_rails:281
    /usr/bin/mongrel_rails:19:in `load'
    /usr/bin/mongrel_rails:19

Rendered /usr/lib/ruby/gems/1.8/gems/actionpack-2.2.2/lib/action_controller/templates/rescues/_trace (179.0ms)
Rendered /usr/lib/ruby/gems/1.8/gems/actionpack-2.2.2/lib/action_controller/templates/rescues/_request_and_response (1.3ms)
Rendering /usr/lib/ruby/gems/1.8/gems/actionpack-2.2.2/lib/action_controller/templates/rescues/layout.erb (internal_server_error)


Processing MdlUsersController#show (for 127.0.0.1 at 2008-12-29 17:50:29) [GET]
  Parameters: {"id"=>"4"}
  [4;36;1mSQL (0.1ms)[0m   [0;1mSET NAMES 'utf8'[0m
  [4;35;1mSQL (0.1ms)[0m   [0mSET SQL_AUTO_IS_NULL=0[0m
  [4;36;1mMdlUser Columns (5.8ms)[0m   [0;1mSHOW FIELDS FROM `mdl_user`[0m
  [4;35;1mMdlUser Load (0.1ms)[0m   [0mSELECT * FROM `mdl_user` WHERE (`mdl_user`.`id` = 4) [0m
Rendering template within layouts/mdl_users
Rendering mdl_users/show
  [4;36;1mJoin Table Columns (1.2ms)[0m   [0;1mSHOW FIELDS FROM `mdl_role_assignments`[0m
  [4;35;1mMdlRole Load (0.3ms)[0m   [0mSELECT * FROM `mdl_role` INNER JOIN `mdl_role_assignments` ON `mdl_role`.id = `mdl_role_assignments`.roleid WHERE (`mdl_role_assignments`.userid = 4 ) [0m
Completed in 45ms (View: 25, DB: 8) | 200 OK [http://localhost/mdl_users/4]


Processing MdlUsersController#show (for 127.0.0.1 at 2008-12-29 17:51:21) [GET]
  Parameters: {"id"=>"1"}
  [4;36;1mSQL (0.1ms)[0m   [0;1mSET NAMES 'utf8'[0m
  [4;35;1mSQL (0.1ms)[0m   [0mSET SQL_AUTO_IS_NULL=0[0m
  [4;36;1mMdlUser Columns (3.1ms)[0m   [0;1mSHOW FIELDS FROM `mdl_user`[0m
  [4;35;1mMdlUser Load (0.4ms)[0m   [0mSELECT * FROM `mdl_user` WHERE (`mdl_user`.`id` = 1) [0m
Rendering template within layouts/mdl_users
Rendering mdl_users/show
  [4;36;1mJoin Table Columns (1.3ms)[0m   [0;1mSHOW FIELDS FROM `mdl_role_assignments`[0m
  [4;35;1mMdlRole Load (0.4ms)[0m   [0mSELECT * FROM `mdl_role` INNER JOIN `mdl_role_assignments` ON `mdl_role`.id = `mdl_role_assignments`.roleid WHERE (`mdl_role_assignments`.userid = 1 ) [0m
Completed in 43ms (View: 24, DB: 5) | 200 OK [http://localhost/mdl_users/1]


Processing MdlUsersController#show (for 127.0.0.1 at 2008-12-29 17:51:25) [GET]
  Parameters: {"id"=>"2"}
  [4;36;1mSQL (0.1ms)[0m   [0;1mSET NAMES 'utf8'[0m
  [4;35;1mSQL (0.1ms)[0m   [0mSET SQL_AUTO_IS_NULL=0[0m
  [4;36;1mMdlUser Columns (3.1ms)[0m   [0;1mSHOW FIELDS FROM `mdl_user`[0m
  [4;35;1mMdlUser Load (0.4ms)[0m   [0mSELECT * FROM `mdl_user` WHERE (`mdl_user`.`id` = 2) [0m
Rendering template within layouts/mdl_users
Rendering mdl_users/show
  [4;36;1mJoin Table Columns (1.6ms)[0m   [0;1mSHOW FIELDS FROM `mdl_role_assignments`[0m
  [4;35;1mMdlRole Load (0.4ms)[0m   [0mSELECT * FROM `mdl_role` INNER JOIN `mdl_role_assignments` ON `mdl_role`.id = `mdl_role_assignments`.roleid WHERE (`mdl_role_assignments`.userid = 2 ) [0m
  [4;36;1mMdlRole Columns (1.0ms)[0m   [0;1mSHOW FIELDS FROM `mdl_role`[0m
Completed in 46ms (View: 26, DB: 7) | 200 OK [http://localhost/mdl_users/2]


Processing MdlUsersController#show (for 127.0.0.1 at 2008-12-29 17:53:05) [GET]
  Parameters: {"id"=>"2"}
  [4;35;1mSQL (0.1ms)[0m   [0mSET NAMES 'utf8'[0m
  [4;36;1mSQL (0.1ms)[0m   [0;1mSET SQL_AUTO_IS_NULL=0[0m
  [4;35;1mMdlUser Columns (3.4ms)[0m   [0mSHOW FIELDS FROM `mdl_user`[0m
  [4;36;1mMdlUser Load (0.2ms)[0m   [0;1mSELECT * FROM `mdl_user` WHERE (`mdl_user`.`id` = 2) [0m
Rendering template within layouts/mdl_users
Rendering mdl_users/show
  [4;35;1mJoin Table Columns (1.2ms)[0m   [0mSHOW FIELDS FROM `mdl_role_assignments`[0m
  [4;36;1mMdlRole Load (0.1ms)[0m   [0;1mSELECT * FROM `mdl_role` INNER JOIN `mdl_role_assignments` ON `mdl_role`.id = `mdl_role_assignments`.roleid WHERE (`mdl_role_assignments`.userid = 2 ) [0m
  [4;35;1mMdlRole Columns (0.8ms)[0m   [0mSHOW FIELDS FROM `mdl_role`[0m
Completed in 46ms (View: 28, DB: 6) | 200 OK [http://localhost/mdl_users/2]


Processing MdlUsersController#show (for 127.0.0.1 at 2008-12-29 20:21:13) [GET]
  Parameters: {"id"=>"2"}
  [4;36;1mSQL (0.1ms)[0m   [0;1mSET NAMES 'utf8'[0m
  [4;35;1mSQL (102.2ms)[0m   [0mSET SQL_AUTO_IS_NULL=0[0m
  [4;36;1mMdlUser Columns (317.1ms)[0m   [0;1mSHOW FIELDS FROM `mdl_user`[0m
  [4;35;1mMdlUser Load (8.2ms)[0m   [0mSELECT * FROM `mdl_user` WHERE (`mdl_user`.`id` = 2) [0m
Rendering template within layouts/mdl_users
Rendering mdl_users/show
  [4;36;1mJoin Table Columns (1.1ms)[0m   [0;1mSHOW FIELDS FROM `mdl_role_assignments`[0m
  [4;35;1mMdlRole Load (0.1ms)[0m   [0mSELECT * FROM `mdl_role` INNER JOIN `mdl_role_assignments` ON `mdl_role`.id = `mdl_role_assignments`.roleid WHERE (`mdl_role_assignments`.userid = 2 ) [0m
  [4;36;1mMdlRole Columns (18.3ms)[0m   [0;1mSHOW FIELDS FROM `mdl_role`[0m
Completed in 2883ms (View: 2076, DB: 447) | 200 OK [http://localhost/mdl_users/2]
